<?xml version="1.0" encoding="UTF-8"?>
<testsuite name="com.example.buensaborback.BuenSaborBackApplicationTests" tests="1" skipped="0" failures="0" errors="0" timestamp="2024-05-30T22:18:40" hostname="DESKTOP-S1TPUTN" time="0.423">
  <properties/>
  <testcase name="contextLoads()" classname="com.example.buensaborback.BuenSaborBackApplicationTests" time="0.423"/>
  <system-out><![CDATA[19:18:35.991 [Test worker] INFO org.springframework.test.context.support.AnnotationConfigContextLoaderUtils -- Could not detect default configuration classes for test class [com.example.buensaborback.BuenSaborBackApplicationTests]: BuenSaborBackApplicationTests does not declare any static, non-private, non-final, nested classes annotated with @Configuration.
19:18:36.089 [Test worker] INFO org.springframework.boot.test.context.SpringBootTestContextBootstrapper -- Found @SpringBootConfiguration com.example.buensaborback.BuenSaborBackApplication for test class com.example.buensaborback.BuenSaborBackApplicationTests

  .   ____          _            __ _ _
 /\\ / ___'_ __ _ _(_)_ __  __ _ \ \ \ \
( ( )\___ | '_ | '_| | '_ \/ _` | \ \ \ \
 \\/  ___)| |_)| | | | | || (_| |  ) ) ) )
  '  |____| .__|_| |_|_| |_\__, | / / / /
 =========|_|==============|___/=/_/_/_/
 :: Spring Boot ::                (v3.2.4)

2024-05-30T19:18:36.459-03:00  INFO 19484 --- [buen-sabor-back] [    Test worker] c.e.b.BuenSaborBackApplicationTests      : Starting BuenSaborBackApplicationTests using Java 19.0.2 with PID 19484 (started by siriu in C:\Users\siriu\OneDrive\Documentos\GitHub\back_buen_sabor_g8tarde)
2024-05-30T19:18:36.461-03:00  INFO 19484 --- [buen-sabor-back] [    Test worker] c.e.b.BuenSaborBackApplicationTests      : No active profile set, falling back to 1 default profile: "default"
2024-05-30T19:18:37.170-03:00  INFO 19484 --- [buen-sabor-back] [    Test worker] .s.d.r.c.RepositoryConfigurationDelegate : Bootstrapping Spring Data JPA repositories in DEFAULT mode.
2024-05-30T19:18:37.358-03:00  INFO 19484 --- [buen-sabor-back] [    Test worker] .s.d.r.c.RepositoryConfigurationDelegate : Finished Spring Data repository scanning in 180 ms. Found 20 JPA repository interfaces.
2024-05-30T19:18:37.807-03:00  INFO 19484 --- [buen-sabor-back] [    Test worker] o.hibernate.jpa.internal.util.LogHelper  : HHH000204: Processing PersistenceUnitInfo [name: default]
2024-05-30T19:18:37.878-03:00  INFO 19484 --- [buen-sabor-back] [    Test worker] org.hibernate.Version                    : HHH000412: Hibernate ORM core version 6.4.4.Final
2024-05-30T19:18:37.915-03:00  INFO 19484 --- [buen-sabor-back] [    Test worker] o.h.c.internal.RegionFactoryInitiator    : HHH000026: Second-level cache disabled
2024-05-30T19:18:38.170-03:00  INFO 19484 --- [buen-sabor-back] [    Test worker] o.s.o.j.p.SpringPersistenceUnitInfo      : No LoadTimeWeaver setup: ignoring JPA class transformer
2024-05-30T19:18:38.200-03:00  INFO 19484 --- [buen-sabor-back] [    Test worker] com.zaxxer.hikari.HikariDataSource       : HikariPool-1 - Starting...
2024-05-30T19:18:38.380-03:00  INFO 19484 --- [buen-sabor-back] [    Test worker] com.zaxxer.hikari.pool.HikariPool        : HikariPool-1 - Added connection conn0: url=jdbc:h2:mem:testdb user=SA
2024-05-30T19:18:38.382-03:00  INFO 19484 --- [buen-sabor-back] [    Test worker] com.zaxxer.hikari.HikariDataSource       : HikariPool-1 - Start completed.
2024-05-30T19:18:38.409-03:00  WARN 19484 --- [buen-sabor-back] [    Test worker] org.hibernate.orm.deprecation            : HHH90000025: H2Dialect does not need to be specified explicitly using 'hibernate.dialect' (remove the property setting and it will be selected by default)
2024-05-30T19:18:39.618-03:00  INFO 19484 --- [buen-sabor-back] [    Test worker] o.h.e.t.j.p.i.JtaPlatformInitiator       : HHH000489: No JTA platform available (set 'hibernate.transaction.jta.platform' to enable JTA platform integration)
2024-05-30T19:18:39.697-03:00  INFO 19484 --- [buen-sabor-back] [    Test worker] j.LocalContainerEntityManagerFactoryBean : Initialized JPA EntityManagerFactory for persistence unit 'default'
2024-05-30T19:18:40.467-03:00  WARN 19484 --- [buen-sabor-back] [    Test worker] JpaBaseConfiguration$JpaWebConfiguration : spring.jpa.open-in-view is enabled by default. Therefore, database queries may be performed during view rendering. Explicitly configure spring.jpa.open-in-view to disable this warning
2024-05-30T19:18:40.799-03:00  INFO 19484 --- [buen-sabor-back] [    Test worker] o.s.b.a.h2.H2ConsoleAutoConfiguration    : H2 console available at '/h2-console'. Database available at 'jdbc:h2:mem:testdb'
2024-05-30T19:18:40.856-03:00  INFO 19484 --- [buen-sabor-back] [    Test worker] c.e.b.BuenSaborBackApplicationTests      : Started BuenSaborBackApplicationTests in 4.604 seconds (process running for 5.654)
2024-05-30T19:18:40.859-03:00  INFO 19484 --- [buen-sabor-back] [    Test worker] c.e.b.BuenSaborBackApplication           : ----------------Persistiendo los modelos---------------------
]]></system-out>
  <system-err><![CDATA[]]></system-err>
</testsuite>
